f:\unreal\gra\gra\debug\vc140.pdb
f:\unreal\gra\gra\debug\vc140.idb
f:\unreal\gra\gra\debug\buton.obj
f:\unreal\gra\gra\debug\colision.obj
f:\unreal\gra\gra\debug\engine.obj
f:\unreal\gra\gra\debug\field.obj
f:\unreal\gra\gra\debug\game.obj
f:\unreal\gra\gra\debug\gameobject.obj
f:\unreal\gra\gra\debug\gateway.obj
f:\unreal\gra\gra\debug\level.obj
f:\unreal\gra\gra\debug\lever.obj
f:\unreal\gra\gra\debug\main.obj
f:\unreal\gra\gra\debug\map.obj
f:\unreal\gra\gra\debug\object.obj
f:\unreal\gra\gra\debug\obstacle.obj
f:\unreal\gra\gra\debug\path.obj
f:\unreal\gra\gra\debug\player.obj
f:\unreal\gra\gra\debug\text.obj
f:\unreal\gra\gra\debug\tile.obj
f:\unreal\gra\gra\debug\trap.obj
f:\unreal\gra\debug\gra.ilk
f:\unreal\gra\debug\gra.exe
f:\unreal\gra\debug\gra.pdb
f:\unreal\gra\gra\debug\gra.tlog\cl.command.1.tlog
f:\unreal\gra\gra\debug\gra.tlog\cl.read.1.tlog
f:\unreal\gra\gra\debug\gra.tlog\cl.write.1.tlog
f:\unreal\gra\gra\debug\gra.tlog\link.command.1.tlog
f:\unreal\gra\gra\debug\gra.tlog\link.read.1.tlog
f:\unreal\gra\gra\debug\gra.tlog\link.write.1.tlog
