Build started 2017-10-28 16:47:12.
     1>Project "D:\aProjektPK3\ConsoleApplication1\ConsoleApplication1\ConsoleApplication1.vcxproj" on node 2 (Build target(s)).
     1>ClCompile:
         D:\visual2013\VC\bin\CL.exe /c /I"D:\aProjektPK3\SFML-2.4.2\include" /ZI /nologo /W3 /WX- /Od /Oy- /D WIN32 /D _DEBUG /D _CONSOLE /D _LIB /D _UNICODE /D UNICODE /Gm /EHsc /RTC1 /MDd /GS /fp:precise /Zc:wchar_t /Zc:forScope /Fo"Debug\\" /Fd"Debug\vc120.pdb" /Gd /TP /analyze- /errorReport:prompt Game.cpp
         Game.cpp
       Link:
         D:\visual2013\VC\bin\link.exe /ERRORREPORT:PROMPT /OUT:"D:\aProjektPK3\ConsoleApplication1\Debug\ConsoleApplication1.exe" /INCREMENTAL /NOLOGO /LIBPATH:"D:\aProjektPK3\SFML-2.4.2\lib" "sfml-audio-d.lib" "sfml-graphics-d.lib" "sfml-main-d.lib" "sfml-network-d.lib" "sfml-system-d.lib" "sfml-window-d.lib" kernel32.lib user32.lib gdi32.lib winspool.lib comdlg32.lib advapi32.lib shell32.lib ole32.lib oleaut32.lib uuid.lib odbc32.lib odbccp32.lib kernel32.lib user32.lib gdi32.lib winspool.lib comdlg32.lib advapi32.lib shell32.lib ole32.lib oleaut32.lib uuid.lib odbc32.lib odbccp32.lib /MANIFEST /MANIFESTUAC:"level='asInvoker' uiAccess='false'" /manifest:embed /DEBUG /PDB:"D:\aProjektPK3\ConsoleApplication1\Debug\ConsoleApplication1.pdb" /SUBSYSTEM:CONSOLE /TLBID:1 /DYNAMICBASE /NXCOMPAT /IMPLIB:"D:\aProjektPK3\ConsoleApplication1\Debug\ConsoleApplication1.lib" /MACHINE:X86 Debug\Ball.obj
         Debug\Colision.obj
         Debug\Door.obj
         Debug\Engine.obj
         Debug\Game.obj
         Debug\Laser.obj
         Debug\Lever.obj
         Debug\main.obj
         Debug\Map.obj
         Debug\MapEditor.obj
         Debug\Object.obj
         Debug\Player.obj
         Debug\Saw.obj
         Debug\Text.obj
         Debug\Toolbar.obj
         ConsoleApplication1.vcxproj -> D:\aProjektPK3\ConsoleApplication1\Debug\ConsoleApplication1.exe
     1>Done Building Project "D:\aProjektPK3\ConsoleApplication1\ConsoleApplication1\ConsoleApplication1.vcxproj" (Build target(s)).

Build succeeded.

Time Elapsed 00:00:01.49
